<?xml version="1.0"?>
<assembly>
  <id>tests</id>
  <formats>
    <format>zip</format>
  </formats>
  <fileSets>
    <fileSet>
      <outputDirectory/>
      <directory>src/test</directory>
      <includes>
        <include>**</include>
      </includes>
      <excludes>
        <exclude>java/**/*</exclude>
      </excludes>
      <filtered>false</filtered>
    </fileSet>
  </fileSets>
</assembly>

