<?xml version="1.0"?>
<assembly>
  <id>TEST-mod</id>
  <formats>
    <format>zip</format>
  </formats>
  <includeBaseDirectory>false</includeBaseDirectory>
  <fileSets>
    <fileSet>
      <outputDirectory/>
      <directory>target/mods/${test.module.name}</directory>
      <includes>
        <include>**</include>
      </includes>
      <filtered>false</filtered>
    </fileSet>
  </fileSets>
</assembly>

