<?xml version="1.0"?>
<assembly>
  <id>test</id>
  <formats>
    <format>zip</format>
  </formats>
  <includeBaseDirectory>false</includeBaseDirectory>
  <fileSets>
    <fileSet>
      <outputDirectory/>
      <directory>target/test-classes</directory>
      <includes>
        <include>**</include>
      </includes>
      <filtered>false</filtered>
    </fileSet>
  </fileSets>
</assembly>

